<?xml version="1.0" encoding="UTF-8"?>
<!-- Generated by org.testng.reporters.JUnitReportReporter -->
<testsuite hostname="BSG-LAPTOP-215" failures="0" tests="3" name="com.cbs.testcases.Balance_Test_case$CASATestCases" time="141.221" errors="0" timestamp="2023-09-15T13:03:47 IST" skipped="0">
  <testcase classname="com.cbs.testcases.Balance_Test_case$CASATestCases" name="Check_balance_saving_Account" time="33.891"/>
  <testcase classname="com.cbs.testcases.Balance_Test_case$CASATestCases" name="Check_balance_current_Account" time="60.927"/>
  <testcase classname="com.cbs.testcases.Balance_Test_case$CASATestCases" name="Check_balance_loan_Account" time="46.403"/>
</testsuite> <!-- com.cbs.testcases.Balance_Test_case$CASATestCases -->
