<?xml version="1.0" encoding="UTF-8"?>
<!-- Generated by org.testng.reporters.JUnitReportReporter -->
<testsuite hostname="BSG-LAPTOP-7" failures="0" tests="4" name="com.cbs.testcases.HomePageTestCase" time="69.117" errors="0" timestamp="2022-06-29T17:01:08 IST" skipped="0">
  <testcase classname="com.cbs.testcases.HomePageTestCase" name="verifyhomePageTitle" time="17.282"/>
  <system-out/>
  <testcase classname="com.cbs.testcases.HomePageTestCase" name="clickCustomerCreationInd" time="17.054"/>
  <system-out/>
  <testcase classname="com.cbs.testcases.HomePageTestCase" name="clickCustomerCreationcorp" time="17.429"/>
  <system-out/>
  <testcase classname="com.cbs.testcases.HomePageTestCase" name="clickCustomerMaintenance" time="17.352"/>
  <system-out/>
</testsuite> <!-- com.cbs.testcases.HomePageTestCase -->
