<?xml version="1.0" encoding="UTF-8"?>
<!-- Generated by org.testng.reporters.JUnitReportReporter -->
<testsuite hostname="BSG-LAPTOP-7" failures="0" tests="7" name="com.cbs.testcases.CustomerMaitenaceTestCases" time="214.632" errors="0" timestamp="2022-08-23T18:29:20 IST" skipped="0">
  <testcase classname="com.cbs.testcases.CustomerMaitenaceTestCases" name="customerKYC" time="24.936"/>
  <system-out/>
  <testcase classname="com.cbs.testcases.CustomerMaitenaceTestCases" name="customerMemo" time="15.419"/>
  <system-out/>
  <testcase classname="com.cbs.testcases.CustomerMaitenaceTestCases" name="customerchannelMobile" time="10.629"/>
  <system-out/>
  <testcase classname="com.cbs.testcases.CustomerMaitenaceTestCases" name="customerTaxreturn" time="19.360"/>
  <system-out/>
  <testcase classname="com.cbs.testcases.CustomerMaitenaceTestCases" name="authCustomermaitenance" time="65.420"/>
  <system-out/>
  <testcase classname="com.cbs.testcases.CustomerMaitenaceTestCases" name="editCustomermaitenance" time="41.066"/>
  <system-out/>
  <testcase classname="com.cbs.testcases.CustomerMaitenaceTestCases" name="authCustomermaitenance1" time="37.802"/>
  <system-out/>
</testsuite> <!-- com.cbs.testcases.CustomerMaitenaceTestCases -->
