<?xml version="1.0" encoding="UTF-8"?>
<!-- Generated by org.testng.reporters.JUnitReportReporter -->
<testsuite hostname="BSG-LAPTOP-7" failures="0" tests="2" name="com.cbs.testcases.TestNGNEW" time="0.040" errors="0" timestamp="2022-09-13T17:17:48 IST" skipped="0">
  <testcase classname="com.cbs.testcases.TestNGNEW" name="login" time="0.029"/>
  <system-out/>
  <testcase classname="com.cbs.testcases.TestNGNEW" name="crm" time="0.011"/>
  <system-out/>
</testsuite> <!-- com.cbs.testcases.TestNGNEW -->
