<?xml version="1.0" encoding="UTF-8"?>
<!-- Generated by org.testng.reporters.JUnitReportReporter -->
<testsuite hostname="BSG-LAPTOP-215" failures="0" tests="1" name="com.cbs.testcases.InwardTestCases" time="6.292" errors="0" timestamp="2023-09-01T11:50:13 IST" skipped="0">
  <testcase classname="com.cbs.testcases.InwardTestCases" name="uploadInwardTransactionFile" time="6.292"/>
</testsuite> <!-- com.cbs.testcases.InwardTestCases -->
