<?xml version="1.0" encoding="UTF-8"?>
<!-- Generated by org.testng.reporters.JUnitReportReporter -->
<testsuite hostname="BSG-LAPTOP-215" failures="0" tests="3" name="com.cbs.testcases.LoginPageTestcase" time="31.295" errors="0" timestamp="2023-08-07T12:21:51 IST" skipped="0">
  <testcase classname="com.cbs.testcases.LoginPageTestcase" name="loginPageTitletest" time="2.024"/>
  <testcase classname="com.cbs.testcases.LoginPageTestcase" name="maker_Login" time="13.412"/>
  <testcase classname="com.cbs.testcases.LoginPageTestcase" name="checker_Login" time="15.859"/>
</testsuite> <!-- com.cbs.testcases.LoginPageTestcase -->
