<?xml version="1.0" encoding="UTF-8"?>
<!-- Generated by org.testng.reporters.JUnitReportReporter -->
<testsuite hostname="BSG-LAPTOP-215" failures="0" tests="2" name="com.cbs.testcases.DD_PO_Issueance_TestCases" time="22.625" errors="0" timestamp="2023-09-12T14:51:36 IST" skipped="0">
  <testcase classname="com.cbs.testcases.DD_PO_Issueance_TestCases" name="dd_Issue" time="6.764"/>
  <testcase classname="com.cbs.testcases.DD_PO_Issueance_TestCases" name="dd_Auth" time="15.861"/>
</testsuite> <!-- com.cbs.testcases.DD_PO_Issueance_TestCases -->
