<?xml version="1.0" encoding="UTF-8"?>
<!-- Generated by org.testng.reporters.JUnitReportReporter -->
<testsuite hostname="BSG-LAPTOP-82" failures="0" tests="7" name="com.cbs.testcases.TuringSearchAndShortKeysTestcases" time="50.122" errors="0" timestamp="2023-07-13T14:56:30 IST" skipped="0">
  <testcase classname="com.cbs.testcases.TuringSearchAndShortKeysTestcases" name="shortKeys" time="21.197"/>
  <system-out/>
  <testcase classname="com.cbs.testcases.TuringSearchAndShortKeysTestcases" name="serachbyCustomerID" time="5.223"/>
  <system-out/>
  <testcase classname="com.cbs.testcases.TuringSearchAndShortKeysTestcases" name="serachbyCustomerName" time="4.343"/>
  <system-out/>
  <testcase classname="com.cbs.testcases.TuringSearchAndShortKeysTestcases" name="serachByCustomerAccountNumber" time="4.314"/>
  <system-out/>
  <testcase classname="com.cbs.testcases.TuringSearchAndShortKeysTestcases" name="serachByPANNumber" time="4.351"/>
  <system-out/>
  <testcase classname="com.cbs.testcases.TuringSearchAndShortKeysTestcases" name="serachByAadhaarNumber" time="4.307"/>
  <system-out/>
  <testcase classname="com.cbs.testcases.TuringSearchAndShortKeysTestcases" name="serachByMobilenumber" time="6.387"/>
  <system-out/>
</testsuite> <!-- com.cbs.testcases.TuringSearchAndShortKeysTestcases -->
