<?xml version="1.0" encoding="UTF-8"?>
<!-- Generated by org.testng.reporters.JUnitReportReporter -->
<testsuite hostname="BSG-LAPTOP-82" failures="0" tests="9" name="com.cbs.testcases.Quicklinktestcases" time="61.326" errors="0" timestamp="2023-07-18T12:56:47 IST" skipped="0">
  <testcase classname="com.cbs.testcases.Quicklinktestcases" name="clickonaddLink" time="5.120"/>
  <system-out/>
  <testcase classname="com.cbs.testcases.Quicklinktestcases" name="clickonnewtabLink" time="6.206"/>
  <system-out/>
  <testcase classname="com.cbs.testcases.Quicklinktestcases" name="clickonGoldLoanAmountCalculatorLink" time="7.319"/>
  <system-out/>
  <testcase classname="com.cbs.testcases.Quicklinktestcases" name="clickonGetAccountClosureAmountLink" time="7.293"/>
  <system-out/>
  <testcase classname="com.cbs.testcases.Quicklinktestcases" name="clickonGetAccountBalanceLink" time="7.307"/>
  <system-out/>
  <testcase classname="com.cbs.testcases.Quicklinktestcases" name="clickonGetAccountMappingLink" time="7.304"/>
  <system-out/>
  <testcase classname="com.cbs.testcases.Quicklinktestcases" name="clickonGetTDInterestCalculatorLink" time="7.287"/>
  <system-out/>
  <testcase classname="com.cbs.testcases.Quicklinktestcases" name="clickonGetLoanEMICalculatorLink" time="7.291"/>
  <system-out/>
  <testcase classname="com.cbs.testcases.Quicklinktestcases" name="logout" time="6.199"/>
  <system-out/>
</testsuite> <!-- com.cbs.testcases.Quicklinktestcases -->
